<?xml version="1.0" encoding="UTF-8"?>
<!-- Generated by org.testng.reporters.JUnitReportReporter -->
<testsuite hostname="vrupeshkrishna-lp" failures="0" tests="1" name="testCases.TC_003_LoginDDT" time="0.344" errors="0" timestamp="2023-08-11T12:39:14 IST" skipped="0">
  <testcase classname="testCases.TC_003_LoginDDT" name="test_loginDDT" time="0.344"/>
</testsuite> <!-- testCases.TC_003_LoginDDT -->
