<?xml version="1.0" encoding="UTF-8"?>
<!-- Generated by org.testng.reporters.JUnitReportReporter -->
<testsuite hostname="vrupeshkrishna-lp" failures="0" tests="1" name="testCases.TC_001_AccountRegistrationTest" time="4.035" errors="0" timestamp="2023-08-11T13:39:45 IST" skipped="0">
  <testcase classname="testCases.TC_001_AccountRegistrationTest" name="test_account_registration" time="4.035"/>
</testsuite> <!-- testCases.TC_001_AccountRegistrationTest -->
